Arguments: 
  /Users/pedro.piloto/.nvm/versions/node/v14.17.5/bin/node /Users/pedro.piloto/.nvm/versions/node/v14.17.5/bin/yarn add dotenc

PATH: 
  /Users/pedro.piloto/google-cloud-sdk/bin:/Users/pedro.piloto/.nvm/versions/node/v14.17.5/bin:/Applications/Daedalus Mainnet.app/Contents/MacOS:/usr/local/bin/brew:/usr/local/opt/openssl/bin:/opt/homebrew/opt/icu4c/sbin:/opt/homebrew/opt/icu4c/bin:/Users/pedro.piloto/.pyenv/shims:/Users/pedro.piloto/.pyenv/bin:/opt/homebrew/bin:/opt/homebrew/sbin:/usr/local/bin:/usr/bin:/bin:/usr/sbin:/sbin:/usr/local/go/bin:/usr/local/MacGPG2/bin:/usr/local/share/dotnet:~/.dotnet/tools:/Users/pedro.piloto/google-cloud-sdk/bin:/Users/pedro.piloto/.nvm/versions/node/v14.17.5/bin:/Applications/Daedalus Mainnet.app/Contents/MacOS:/usr/local/bin/brew:/usr/local/opt/openssl/bin:/opt/homebrew/opt/icu4c/sbin:/opt/homebrew/opt/icu4c/bin:/Users/pedro.piloto/.pyenv/bin:/opt/homebrew/bin:/opt/homebrew/sbin

Yarn version: 
  1.22.11

Node version: 
  14.17.5

Platform: 
  darwin arm64

Trace: 
  Error: https://registry.yarnpkg.com/dotenc: Not found
      at Request.params.callback [as _callback] (/Users/pedro.piloto/.nvm/versions/node/v14.17.5/lib/node_modules/yarn/lib/cli.js:66992:18)
      at Request.self.callback (/Users/pedro.piloto/.nvm/versions/node/v14.17.5/lib/node_modules/yarn/lib/cli.js:140763:22)
      at Request.emit (events.js:400:28)
      at Request.<anonymous> (/Users/pedro.piloto/.nvm/versions/node/v14.17.5/lib/node_modules/yarn/lib/cli.js:141735:10)
      at Request.emit (events.js:400:28)
      at IncomingMessage.<anonymous> (/Users/pedro.piloto/.nvm/versions/node/v14.17.5/lib/node_modules/yarn/lib/cli.js:141657:12)
      at Object.onceWrapper (events.js:519:28)
      at IncomingMessage.emit (events.js:412:35)
      at endReadableNT (internal/streams/readable.js:1317:12)
      at processTicksAndRejections (internal/process/task_queues.js:82:21)

npm manifest: 
  {
    "name": "twitter-unfollow-non-followers",
    "version": "1.0.0",
    "description": "",
    "main": "index.js",
    "scripts": {
      "test": "echo \"Error: no test specified\" && exit 1"
    },
    "author": "",
    "license": "ISC",
    "dependencies": {
      "@twitter-api-v2/plugin-rate-limit": "^1.1.0",
      "twitter-api-v2": "^1.12.3"
    }
  }

yarn manifest: 
  No manifest

Lockfile: 
  # THIS IS AN AUTOGENERATED FILE. DO NOT EDIT THIS FILE DIRECTLY.
  # yarn lockfile v1
  
  
  "@twitter-api-v2/plugin-rate-limit@^1.1.0":
    version "1.1.0"
    resolved "https://registry.yarnpkg.com/@twitter-api-v2/plugin-rate-limit/-/plugin-rate-limit-1.1.0.tgz#a80bbc86f4629575c13ab2f688dafe8b7eb05058"
    integrity sha512-5nUk0w0s1yzzMe+NLN5BlKzwgl9OHkF1Makb5Xje1ntCO1H1fGq0qli80WRvcrpcwKZcSckRkXd4HEksh2LZ6g==
  
  twitter-api-v2@^1.12.3:
    version "1.12.3"
    resolved "https://registry.yarnpkg.com/twitter-api-v2/-/twitter-api-v2-1.12.3.tgz#9f05321ea83afd9de96ac18aa721aae339110302"
    integrity sha512-FM+RmHdVbCKw/KZ99+if4JQyl2Nx5eF/Jl8CNDeV5J/NSnuFgk3bFw1cZHcNusXitxTWIQ0TQFHr1BkgWDz0wQ==
